app/build/outputs/logs/manifest-merger-debug-report.txt
-- Merging decision tree log ---
manifest
ADDED from src\main\AndroidManifest.xml:2:1-140:12
INJECTED from src\main\AndroidManifest.xml:2:1-140:12
INJECTED from src\main\AndroidManifest.xml:2:1-140:12
INJECTED from src\main\AndroidManifest.xml:2:1-140:12
MERGED from [androidx.databinding:viewbinding:7.1.3] AndroidManifest.xml:17:1-24:12
MERGED from [com.google.android.material:material:1.6.0] AndroidManifest.xml:17:1-26:12
MERGED from [androidx.constraintlayout:constraintlayout:2.1.3] AndroidManifest.xml:2:1-11:12
MERGED from [androidx.appcompat:appcompat:1.4.1] AndroidManifest.xml:17:1-24:12
MERGED from [androidx.legacy:legacy-support-v4:1.0.0] AndroidManifest.xml:17:1-22:12
MERGED from [androidx.cardview:cardview:1.0.0] AndroidManifest.xml:17:1-22:12
MERGED from [com.github.bumptech.glide:glide:4.11.0] AndroidManifest.xml:2:1-12:12
MERGED from [com.github.PhilJay:MPAndroidChart:v3.1.0] AndroidManifest.xml:2:1-20:12
MERGED from [androidx.viewpager2:viewpager2:1.0.0] AndroidManifest.xml:17:1-24:12
MERGED from [androidx.fragment:fragment:1.3.6] AndroidManifest.xml:17:1-24:12
MERGED from [androidx.activity:activity:1.2.4] AndroidManifest.xml:17:1-24:12
MERGED from [androidx.appcompat:appcompat-resources:1.4.1] AndroidManifest.xml:17:1-24:12
MERGED from [androidx.emoji2:emoji2-views-helper:1.0.0] AndroidManifest.xml:17:1-24:12
MERGED from [androidx.emoji2:emoji2:1.0.0] AndroidManifest.xml:17:1-37:12
MERGED from [androidx.legacy:legacy-support-core-ui:1.0.0] AndroidManifest.xml:17:1-22:12
MERGED from [androidx.drawerlayout:drawerlayout:1.1.1] AndroidManifest.xml:17:1-24:12
MERGED from [androidx.coordinatorlayout:coordinatorlayout:1.1.0] AndroidManifest.xml:17:1-24:12
MERGED from [androidx.dynamicanimation:dynamicanimation:1.0.0] AndroidManifest.xml:17:1-22:12
MERGED from [androidx.transition:transition:1.2.0] AndroidManifest.xml:17:1-24:12
MERGED from [androidx.vectordrawable:vectordrawable-animated:1.1.0] AndroidManifest.xml:17:1-24:12
MERGED from [androidx.vectordrawable:vectordrawable:1.1.0] AndroidManifest.xml:17:1-24:12
MERGED from [androidx.media:media:1.0.0] AndroidManifest.xml:17:1-22:12
MERGED from [androidx.legacy:legacy-support-core-utils:1.0.0] AndroidManifest.xml:17:1-22:12
MERGED from [androidx.viewpager:viewpager:1.0.0] AndroidManifest.xml:17:1-22:12
MERGED from [androidx.loader:loader:1.0.0] AndroidManifest.xml:17:1-22:12
MERGED from [androidx.recyclerview:recyclerview:1.1.0] AndroidManifest.xml:17:1-24:12
MERGED from [androidx.slidingpanelayout:slidingpanelayout:1.0.0] AndroidManifest.xml:17:1-22:12
MERGED from [androidx.customview:customview:1.1.0] AndroidManifest.xml:17:1-24:12
MERGED from [androidx.swiperefreshlayout:swiperefreshlayout:1.0.0] AndroidManifest.xml:17:1-22:12
MERGED from [androidx.asynclayoutinflater:asynclayoutinflater:1.0.0] AndroidManifest.xml:17:1-22:12
MERGED from [androidx.core:core:1.7.0] AndroidManifest.xml:17:1-26:12
MERGED from [androidx.cursoradapter:cursoradapter:1.0.0] AndroidManifest.xml:17:1-22:12
MERGED from [androidx.lifecycle:lifecycle-viewmodel-savedstate:2.3.1] AndroidManifest.xml:17:1-24:12
MERGED from [androidx.savedstate:savedstate:1.1.0] AndroidManifest.xml:17:1-24:12
MERGED from [androidx.lifecycle:lifecycle-viewmodel:2.3.1] AndroidManifest.xml:17:1-24:12
MERGED from [com.github.bumptech.glide:gifdecoder:4.11.0] AndroidManifest.xml:2:1-11:12
MERGED from [androidx.exifinterface:exifinterface:1.0.0] AndroidManifest.xml:17:1-22:12
MERGED from [androidx.versionedparcelable:versionedparcelable:1.1.1] AndroidManifest.xml:17:1-27:12
MERGED from [androidx.lifecycle:lifecycle-process:2.4.0] AndroidManifest.xml:17:1-37:12
MERGED from [androidx.startup:startup-runtime:1.0.0] AndroidManifest.xml:17:1-33:12
MERGED from [androidx.tracing:tracing:1.0.0] AndroidManifest.xml:17:1-24:12
MERGED from [androidx.lifecycle:lifecycle-livedata:2.0.0] AndroidManifest.xml:17:1-22:12
MERGED from [androidx.lifecycle:lifecycle-livedata-core:2.3.1] AndroidManifest.xml:17:1-24:12
MERGED from [androidx.lifecycle:lifecycle-runtime:2.4.0] AndroidManifest.xml:17:1-24:12
MERGED from [androidx.arch.core:core-runtime:2.1.0] AndroidManifest.xml:17:1-24:12
MERGED from [androidx.documentfile:documentfile:1.0.0] AndroidManifest.xml:17:1-22:12
MERGED from [androidx.localbroadcastmanager:localbroadcastmanager:1.0.0] AndroidManifest.xml:17:1-22:12
MERGED from [androidx.print:print:1.0.0] AndroidManifest.xml:17:1-22:12
MERGED from [androidx.interpolator:interpolator:1.0.0] AndroidManifest.xml:17:1-22:12
MERGED from [androidx.annotation:annotation-experimental:1.1.0] AndroidManifest.xml:17:1-24:12
INJECTED from src\main\AndroidManifest.xml:2:1-140:12
INJECTED from src\main\AndroidManifest.xml:2:1-140:12
INJECTED from src\main\AndroidManifest.xml:2:1-140:12
	package
		ADDED from src\main\AndroidManifest.xml:4:5-32
		INJECTED from src\main\AndroidManifest.xml
		INJECTED from src\main\AndroidManifest.xml
	android:versionName
		INJECTED from src\main\AndroidManifest.xml
		ADDED from src\main\AndroidManifest.xml:2:1-140:12
		INJECTED from src\main\AndroidManifest.xml
	xmlns:tools
		ADDED from src\main\AndroidManifest.xml:3:5-51
	android:versionCode
		INJECTED from src\main\AndroidManifest.xml
		ADDED from src\main\AndroidManifest.xml:2:1-140:12
		INJECTED from src\main\AndroidManifest.xml
	xmlns:android
		ADDED from src\main\AndroidManifest.xml:2:11-69
uses-permission#android.permission.ACCESS_COARSE_LOCATION
ADDED from src\main\AndroidManifest.xml:6:5-81
	android:name
		ADDED from src\main\AndroidManifest.xml:6:22-78
uses-permission#android.permission.ACCESS_FINE_LOCATION
ADDED from src\main\AndroidManifest.xml:7:5-79
	android:name
		ADDED from src\main\AndroidManifest.xml:7:22-76
uses-permission#android.permission.INTERNET
ADDED from src\main\AndroidManifest.xml:8:5-67
	android:name
		ADDED from src\main\AndroidManifest.xml:8:22-64
uses-permission#android.permission.WRITE_EXTERNAL_STORAGE
ADDED from src\main\AndroidManifest.xml:9:5-11:40
	tools:ignore
		ADDED from src\main\AndroidManifest.xml:11:9-37
	android:name
		ADDED from src\main\AndroidManifest.xml:10:9-65
uses-permission#android.permission.READ_EXTERNAL_STORAGE
ADDED from src\main\AndroidManifest.xml:12:5-80
	android:name
		ADDED from src\main\AndroidManifest.xml:12:22-77
application
ADDED from src\main\AndroidManifest.xml:14:5-138:19
MERGED from [com.google.android.material:material:1.6.0] AndroidManifest.xml:24:5-20
MERGED from [com.google.android.material:material:1.6.0] AndroidManifest.xml:24:5-20
MERGED from [androidx.constraintlayout:constraintlayout:2.1.3] AndroidManifest.xml:9:5-20
MERGED from [androidx.constraintlayout:constraintlayout:2.1.3] AndroidManifest.xml:9:5-20
MERGED from [com.github.bumptech.glide:glide:4.11.0] AndroidManifest.xml:10:5-20
MERGED from [com.github.bumptech.glide:glide:4.11.0] AndroidManifest.xml:10:5-20
MERGED from [androidx.emoji2:emoji2:1.0.0] AndroidManifest.xml:25:5-35:19
MERGED from [androidx.emoji2:emoji2:1.0.0] AndroidManifest.xml:25:5-35:19
MERGED from [androidx.core:core:1.7.0] AndroidManifest.xml:24:5-89
MERGED from [androidx.core:core:1.7.0] AndroidManifest.xml:24:5-89
MERGED from [com.github.bumptech.glide:gifdecoder:4.11.0] AndroidManifest.xml:9:5-20
MERGED from [com.github.bumptech.glide:gifdecoder:4.11.0] AndroidManifest.xml:9:5-20
MERGED from [androidx.versionedparcelable:versionedparcelable:1.1.1] AndroidManifest.xml:24:5-25:19
MERGED from [androidx.versionedparcelable:versionedparcelable:1.1.1] AndroidManifest.xml:24:5-25:19
MERGED from [androidx.lifecycle:lifecycle-process:2.4.0] AndroidManifest.xml:25:5-35:19
MERGED from [androidx.lifecycle:lifecycle-process:2.4.0] AndroidManifest.xml:25:5-35:19
MERGED from [androidx.startup:startup-runtime:1.0.0] AndroidManifest.xml:25:5-31:19
MERGED from [androidx.startup:startup-runtime:1.0.0] AndroidManifest.xml:25:5-31:19
	android:appComponentFactory
		ADDED from [androidx.core:core:1.7.0] AndroidManifest.xml:24:18-86
	android:supportsRtl
		ADDED from src\main\AndroidManifest.xml:19:9-35
	android:label
		ADDED from src\main\AndroidManifest.xml:17:9-41
	android:roundIcon
		ADDED from src\main\AndroidManifest.xml:18:9-54
	android:icon
		ADDED from src\main\AndroidManifest.xml:16:9-43
	android:allowBackup
		ADDED from src\main\AndroidManifest.xml:15:9-35
	android:theme
		ADDED from src\main\AndroidManifest.xml:20:9-43
activity#com.example.login.soundMeterPage
ADDED from src\main\AndroidManifest.xml:21:9-23:40
	android:exported
		ADDED from src\main\AndroidManifest.xml:23:13-37
	android:name
		ADDED from src\main\AndroidManifest.xml:22:13-43
activity#com.example.login.Activity.HomeSettingLocation
ADDED from src\main\AndroidManifest.xml:24:9-26:40
	android:exported
		ADDED from src\main\AndroidManifest.xml:26:13-37
	android:name
		ADDED from src\main\AndroidManifest.xml:25:13-57
activity#com.example.login.Activity.GamePage
ADDED from src\main\AndroidManifest.xml:27:9-30:42
	android:label
		ADDED from src\main\AndroidManifest.xml:30:13-39
	android:exported
		ADDED from src\main\AndroidManifest.xml:29:13-37
	android:name
		ADDED from src\main\AndroidManifest.xml:28:13-46
activity#com.example.login.Activity.AdminPostReset
ADDED from src\main\AndroidManifest.xml:31:9-34:48
	android:label
		ADDED from src\main\AndroidManifest.xml:34:13-45
	android:exported
		ADDED from src\main\AndroidManifest.xml:33:13-37
	android:name
		ADDED from src\main\AndroidManifest.xml:32:13-52
activity#com.example.login.Activity.AdminPostDelete
ADDED from src\main\AndroidManifest.xml:35:9-38:49
	android:label
		ADDED from src\main\AndroidManifest.xml:38:13-46
	android:exported
		ADDED from src\main\AndroidManifest.xml:37:13-37
	android:name
		ADDED from src\main\AndroidManifest.xml:36:13-53
activity#com.example.login.Activity.AdminPost
ADDED from src\main\AndroidManifest.xml:39:9-43:67
	android:parentActivityName
		ADDED from src\main\AndroidManifest.xml:43:13-64
	android:label
		ADDED from src\main\AndroidManifest.xml:42:13-39
	android:exported
		ADDED from src\main\AndroidManifest.xml:41:13-37
	android:name
		ADDED from src\main\AndroidManifest.xml:40:13-47
activity#com.example.login.Activity.Comments
ADDED from src\main\AndroidManifest.xml:44:9-47:40
	android:label
		ADDED from src\main\AndroidManifest.xml:47:13-37
	android:exported
		ADDED from src\main\AndroidManifest.xml:46:13-37
	android:name
		ADDED from src\main\AndroidManifest.xml:45:13-46
activity#com.example.login.Activity.HomeUserList
ADDED from src\main\AndroidManifest.xml:48:9-50:40
	android:exported
		ADDED from src\main\AndroidManifest.xml:50:13-37
	android:name
		ADDED from src\main\AndroidManifest.xml:49:13-50
activity#com.example.login.Activity.HomeSomeone
ADDED from src\main\AndroidManifest.xml:51:9-53:40
	android:exported
		ADDED from src\main\AndroidManifest.xml:53:13-37
	android:name
		ADDED from src\main\AndroidManifest.xml:52:13-49
activity#com.example.login.Activity.SearchUsers
ADDED from src\main\AndroidManifest.xml:54:9-56:40
	android:exported
		ADDED from src\main\AndroidManifest.xml:56:13-37
	android:name
		ADDED from src\main\AndroidManifest.xml:55:13-49
activity#com.example.login.Activity.MessagesChat
ADDED from src\main\AndroidManifest.xml:57:9-60:63
	android:parentActivityName
		ADDED from src\main\AndroidManifest.xml:60:13-60
	android:exported
		ADDED from src\main\AndroidManifest.xml:59:13-37
	android:name
		ADDED from src\main\AndroidManifest.xml:58:13-50
activity#com.example.login.Activity.MessagesAddPage
ADDED from src\main\AndroidManifest.xml:61:9-65:63
	android:parentActivityName
		ADDED from src\main\AndroidManifest.xml:65:13-60
	android:label
		ADDED from src\main\AndroidManifest.xml:64:13-43
	android:exported
		ADDED from src\main\AndroidManifest.xml:63:13-37
	android:name
		ADDED from src\main\AndroidManifest.xml:62:13-53
activity#com.example.login.Activity.Messages
ADDED from src\main\AndroidManifest.xml:66:9-70:59
	android:parentActivityName
		ADDED from src\main\AndroidManifest.xml:70:13-56
	android:label
		ADDED from src\main\AndroidManifest.xml:69:13-37
	android:exported
		ADDED from src\main\AndroidManifest.xml:68:13-37
	android:name
		ADDED from src\main\AndroidManifest.xml:67:13-46
activity#com.example.login.Activity.HomeSetting
ADDED from src\main\AndroidManifest.xml:71:9-74:59
	android:parentActivityName
		ADDED from src\main\AndroidManifest.xml:74:13-56
	android:exported
		ADDED from src\main\AndroidManifest.xml:73:13-37
	android:name
		ADDED from src\main\AndroidManifest.xml:72:13-49
activity#com.example.login.Activity.ReportPage
ADDED from src\main\AndroidManifest.xml:75:9-78:41
	android:label
		ADDED from src\main\AndroidManifest.xml:78:13-38
	android:exported
		ADDED from src\main\AndroidManifest.xml:77:13-37
	android:name
		ADDED from src\main\AndroidManifest.xml:76:13-48
activity#com.example.login.Activity.AdminUserDelete
ADDED from src\main\AndroidManifest.xml:79:9-82:64
	android:parentActivityName
		ADDED from src\main\AndroidManifest.xml:82:13-61
	android:exported
		ADDED from src\main\AndroidManifest.xml:81:13-37
	android:name
		ADDED from src\main\AndroidManifest.xml:80:13-53
activity#com.example.login.Activity.AdminUserUpdate
ADDED from src\main\AndroidManifest.xml:83:9-87:64
	android:parentActivityName
		ADDED from src\main\AndroidManifest.xml:87:13-61
	android:label
		ADDED from src\main\AndroidManifest.xml:86:13-48
	android:exported
		ADDED from src\main\AndroidManifest.xml:85:13-37
	android:name
		ADDED from src\main\AndroidManifest.xml:84:13-53
activity#com.example.login.Activity.AdminUserAdd
ADDED from src\main\AndroidManifest.xml:88:9-92:64
	android:parentActivityName
		ADDED from src\main\AndroidManifest.xml:92:13-61
	android:label
		ADDED from src\main\AndroidManifest.xml:91:13-45
	android:exported
		ADDED from src\main\AndroidManifest.xml:90:13-37
	android:name
		ADDED from src\main\AndroidManifest.xml:89:13-50
activity#com.example.login.Activity.AdminUser
ADDED from src\main\AndroidManifest.xml:93:9-97:67
	android:parentActivityName
		ADDED from src\main\AndroidManifest.xml:97:13-64
	android:label
		ADDED from src\main\AndroidManifest.xml:96:13-42
	android:exported
		ADDED from src\main\AndroidManifest.xml:95:13-37
	android:name
		ADDED from src\main\AndroidManifest.xml:94:13-47
activity#com.example.login.Activity.SearchPage
ADDED from src\main\AndroidManifest.xml:98:9-100:40
	android:exported
		ADDED from src\main\AndroidManifest.xml:100:13-37
	android:name
		ADDED from src\main\AndroidManifest.xml:99:13-48
activity#com.example.login.Activity.Home
ADDED from src\main\AndroidManifest.xml:101:9-103:40
	android:exported
		ADDED from src\main\AndroidManifest.xml:103:13-37
	android:name
		ADDED from src\main\AndroidManifest.xml:102:13-42
activity#com.example.login.Activity.Post
ADDED from src\main\AndroidManifest.xml:104:9-106:40
	android:exported
		ADDED from src\main\AndroidManifest.xml:106:13-37
	android:name
		ADDED from src\main\AndroidManifest.xml:105:13-42
activity#com.example.login.Activity.SearchResultPage
ADDED from src\main\AndroidManifest.xml:107:9-110:45
	android:label
		ADDED from src\main\AndroidManifest.xml:110:13-42
	android:exported
		ADDED from src\main\AndroidManifest.xml:109:13-37
	android:name
		ADDED from src\main\AndroidManifest.xml:108:13-54
activity#com.example.login.Activity.GeneralSignup
ADDED from src\main\AndroidManifest.xml:111:9-114:67
	android:parentActivityName
		ADDED from src\main\AndroidManifest.xml:114:13-64
	android:exported
		ADDED from src\main\AndroidManifest.xml:113:13-37
	android:name
		ADDED from src\main\AndroidManifest.xml:112:13-51
activity#com.example.login.Activity.PostDetail
ADDED from src\main\AndroidManifest.xml:115:9-118:59
	android:parentActivityName
		ADDED from src\main\AndroidManifest.xml:118:13-56
	android:exported
		ADDED from src\main\AndroidManifest.xml:117:13-37
	android:name
		ADDED from src\main\AndroidManifest.xml:116:13-48
activity#com.example.login.Activity.HomePrivacy
ADDED from src\main\AndroidManifest.xml:119:9-123:59
	android:parentActivityName
		ADDED from src\main\AndroidManifest.xml:123:13-56
	android:label
		ADDED from src\main\AndroidManifest.xml:122:13-37
	android:exported
		ADDED from src\main\AndroidManifest.xml:121:13-37
	android:name
		ADDED from src\main\AndroidManifest.xml:120:13-49
activity#com.example.login.Activity.PostCreate
ADDED from src\main\AndroidManifest.xml:124:9-128:59
	android:parentActivityName
		ADDED from src\main\AndroidManifest.xml:128:13-56
	android:label
		ADDED from src\main\AndroidManifest.xml:127:13-45
	android:exported
		ADDED from src\main\AndroidManifest.xml:126:13-37
	android:name
		ADDED from src\main\AndroidManifest.xml:125:13-48
activity#com.example.login.Activity.GeneralLogin
ADDED from src\main\AndroidManifest.xml:129:9-137:20
	android:exported
		ADDED from src\main\AndroidManifest.xml:131:13-36
	android:name
		ADDED from src\main\AndroidManifest.xml:130:13-50
intent-filter#action:name:android.intent.action.MAIN+category:name:android.intent.category.LAUNCHER
ADDED from src\main\AndroidManifest.xml:132:13-136:29
action#android.intent.action.MAIN
ADDED from src\main\AndroidManifest.xml:133:17-69
	android:name
		ADDED from src\main\AndroidManifest.xml:133:25-66
category#android.intent.category.LAUNCHER
ADDED from src\main\AndroidManifest.xml:135:17-77
	android:name
		ADDED from src\main\AndroidManifest.xml:135:27-74
uses-sdk
INJECTED from src\main\AndroidManifest.xml reason: use-sdk injection requested
INJECTED from src\main\AndroidManifest.xml
INJECTED from src\main\AndroidManifest.xml
MERGED from [androidx.databinding:viewbinding:7.1.3] AndroidManifest.xml:20:5-22:41
MERGED from [androidx.databinding:viewbinding:7.1.3] AndroidManifest.xml:20:5-22:41
MERGED from [com.google.android.material:material:1.6.0] AndroidManifest.xml:20:5-22:41
MERGED from [com.google.android.material:material:1.6.0] AndroidManifest.xml:20:5-22:41
MERGED from [androidx.constraintlayout:constraintlayout:2.1.3] AndroidManifest.xml:5:5-7:41
MERGED from [androidx.constraintlayout:constraintlayout:2.1.3] AndroidManifest.xml:5:5-7:41
MERGED from [androidx.appcompat:appcompat:1.4.1] AndroidManifest.xml:20:5-22:41
MERGED from [androidx.appcompat:appcompat:1.4.1] AndroidManifest.xml:20:5-22:41
MERGED from [androidx.legacy:legacy-support-v4:1.0.0] AndroidManifest.xml:20:5-44
MERGED from [androidx.legacy:legacy-support-v4:1.0.0] AndroidManifest.xml:20:5-44
MERGED from [androidx.cardview:cardview:1.0.0] AndroidManifest.xml:20:5-44
MERGED from [androidx.cardview:cardview:1.0.0] AndroidManifest.xml:20:5-44
MERGED from [com.github.bumptech.glide:glide:4.11.0] AndroidManifest.xml:6:5-8:41
MERGED from [com.github.bumptech.glide:glide:4.11.0] AndroidManifest.xml:6:5-8:41
MERGED from [com.github.PhilJay:MPAndroidChart:v3.1.0] AndroidManifest.xml:16:5-18:41
MERGED from [com.github.PhilJay:MPAndroidChart:v3.1.0] AndroidManifest.xml:16:5-18:41
MERGED from [androidx.viewpager2:viewpager2:1.0.0] AndroidManifest.xml:20:5-22:41
MERGED from [androidx.viewpager2:viewpager2:1.0.0] AndroidManifest.xml:20:5-22:41
MERGED from [androidx.fragment:fragment:1.3.6] AndroidManifest.xml:20:5-22:41
MERGED from [androidx.fragment:fragment:1.3.6] AndroidManifest.xml:20:5-22:41
MERGED from [androidx.activity:activity:1.2.4] AndroidManifest.xml:20:5-22:41
MERGED from [androidx.activity:activity:1.2.4] AndroidManifest.xml:20:5-22:41
MERGED from [androidx.appcompat:appcompat-resources:1.4.1] AndroidManifest.xml:20:5-22:41
MERGED from [androidx.appcompat:appcompat-resources:1.4.1] AndroidManifest.xml:20:5-22:41
MERGED from [androidx.emoji2:emoji2-views-helper:1.0.0] AndroidManifest.xml:20:5-22:41
MERGED from [androidx.emoji2:emoji2-views-helper:1.0.0] AndroidManifest.xml:20:5-22:41
MERGED from [androidx.emoji2:emoji2:1.0.0] AndroidManifest.xml:21:5-23:41
MERGED from [androidx.emoji2:emoji2:1.0.0] AndroidManifest.xml:21:5-23:41
MERGED from [androidx.legacy:legacy-support-core-ui:1.0.0] AndroidManifest.xml:20:5-44
MERGED from [androidx.legacy:legacy-support-core-ui:1.0.0] AndroidManifest.xml:20:5-44
MERGED from [androidx.drawerlayout:drawerlayout:1.1.1] AndroidManifest.xml:20:5-22:41
MERGED from [androidx.drawerlayout:drawerlayout:1.1.1] AndroidManifest.xml:20:5-22:41
MERGED from [androidx.coordinatorlayout:coordinatorlayout:1.1.0] AndroidManifest.xml:20:5-22:41
MERGED from [androidx.coordinatorlayout:coordinatorlayout:1.1.0] AndroidManifest.xml:20:5-22:41
MERGED from [androidx.dynamicanimation:dynamicanimation:1.0.0] AndroidManifest.xml:20:5-44
MERGED from [androidx.dynamicanimation:dynamicanimation:1.0.0] AndroidManifest.xml:20:5-44
MERGED from [androidx.transition:transition:1.2.0] AndroidManifest.xml:20:5-22:41
MERGED from [androidx.transition:transition:1.2.0] AndroidManifest.xml:20:5-22:41
MERGED from [androidx.vectordrawable:vectordrawable-animated:1.1.0] AndroidManifest.xml:20:5-22:41
MERGED from [androidx.vectordrawable:vectordrawable-animated:1.1.0] AndroidManifest.xml:20:5-22:41
MERGED from [androidx.vectordrawable:vectordrawable:1.1.0] AndroidManifest.xml:20:5-22:41
MERGED from [androidx.vectordrawable:vectordrawable:1.1.0] AndroidManifest.xml:20:5-22:41
MERGED from [androidx.media:media:1.0.0] AndroidManifest.xml:20:5-44
MERGED from [androidx.media:media:1.0.0] AndroidManifest.xml:20:5-44
MERGED from [androidx.legacy:legacy-support-core-utils:1.0.0] AndroidManifest.xml:20:5-44
MERGED from [androidx.legacy:legacy-support-core-utils:1.0.0] AndroidManifest.xml:20:5-44
MERGED from [androidx.viewpager:viewpager:1.0.0] AndroidManifest.xml:20:5-44
MERGED from [androidx.viewpager:viewpager:1.0.0] AndroidManifest.xml:20:5-44
MERGED from [androidx.loader:loader:1.0.0] AndroidManifest.xml:20:5-44
MERGED from [androidx.loader:loader:1.0.0] AndroidManifest.xml:20:5-44
MERGED from [androidx.recyclerview:recyclerview:1.1.0] AndroidManifest.xml:20:5-22:41
MERGED from [androidx.recyclerview:recyclerview:1.1.0] AndroidManifest.xml:20:5-22:41
MERGED from [androidx.slidingpanelayout:slidingpanelayout:1.0.0] AndroidManifest.xml:20:5-44
MERGED from [androidx.slidingpanelayout:slidingpanelayout:1.0.0] AndroidManifest.xml:20:5-44
MERGED from [androidx.customview:customview:1.1.0] AndroidManifest.xml:20:5-22:41
MERGED from [androidx.customview:customview:1.1.0] AndroidManifest.xml:20:5-22:41
MERGED from [androidx.swiperefreshlayout:swiperefreshlayout:1.0.0] AndroidManifest.xml:20:5-44
MERGED from [androidx.swiperefreshlayout:swiperefreshlayout:1.0.0] AndroidManifest.xml:20:5-44
MERGED from [androidx.asynclayoutinflater:asynclayoutinflater:1.0.0] AndroidManifest.xml:20:5-44
MERGED from [androidx.asynclayoutinflater:asynclayoutinflater:1.0.0] AndroidManifest.xml:20:5-44
MERGED from [androidx.core:core:1.7.0] AndroidManifest.xml:20:5-22:41
MERGED from [androidx.core:core:1.7.0] AndroidManifest.xml:20:5-22:41
MERGED from [androidx.cursoradapter:cursoradapter:1.0.0] AndroidManifest.xml:20:5-44
MERGED from [androidx.cursoradapter:cursoradapter:1.0.0] AndroidManifest.xml:20:5-44
MERGED from [androidx.lifecycle:lifecycle-viewmodel-savedstate:2.3.1] AndroidManifest.xml:20:5-22:41
MERGED from [androidx.lifecycle:lifecycle-viewmodel-savedstate:2.3.1] AndroidManifest.xml:20:5-22:41
MERGED from [androidx.savedstate:savedstate:1.1.0] AndroidManifest.xml:20:5-22:41
MERGED from [androidx.savedstate:savedstate:1.1.0] AndroidManifest.xml:20:5-22:41
MERGED from [androidx.lifecycle:lifecycle-viewmodel:2.3.1] AndroidManifest.xml:20:5-22:41
MERGED from [androidx.lifecycle:lifecycle-viewmodel:2.3.1] AndroidManifest.xml:20:5-22:41
MERGED from [com.github.bumptech.glide:gifdecoder:4.11.0] AndroidManifest.xml:5:5-7:41
MERGED from [com.github.bumptech.glide:gifdecoder:4.11.0] AndroidManifest.xml:5:5-7:41
MERGED from [androidx.exifinterface:exifinterface:1.0.0] AndroidManifest.xml:20:5-44
MERGED from [androidx.exifinterface:exifinterface:1.0.0] AndroidManifest.xml:20:5-44
MERGED from [androidx.versionedparcelable:versionedparcelable:1.1.1] AndroidManifest.xml:20:5-22:41
MERGED from [androidx.versionedparcelable:versionedparcelable:1.1.1] AndroidManifest.xml:20:5-22:41
MERGED from [androidx.lifecycle:lifecycle-process:2.4.0] AndroidManifest.xml:21:5-23:41
MERGED from [androidx.lifecycle:lifecycle-process:2.4.0] AndroidManifest.xml:21:5-23:41
MERGED from [androidx.startup:startup-runtime:1.0.0] AndroidManifest.xml:21:5-23:41
MERGED from [androidx.startup:startup-runtime:1.0.0] AndroidManifest.xml:21:5-23:41
MERGED from [androidx.tracing:tracing:1.0.0] AndroidManifest.xml:20:5-22:41
MERGED from [androidx.tracing:tracing:1.0.0] AndroidManifest.xml:20:5-22:41
MERGED from [androidx.lifecycle:lifecycle-livedata:2.0.0] AndroidManifest.xml:20:5-44
MERGED from [androidx.lifecycle:lifecycle-livedata:2.0.0] AndroidManifest.xml:20:5-44
MERGED from [androidx.lifecycle:lifecycle-livedata-core:2.3.1] AndroidManifest.xml:20:5-22:41
MERGED from [androidx.lifecycle:lifecycle-livedata-core:2.3.1] AndroidManifest.xml:20:5-22:41
MERGED from [androidx.lifecycle:lifecycle-runtime:2.4.0] AndroidManifest.xml:20:5-22:41
MERGED from [androidx.lifecycle:lifecycle-runtime:2.4.0] AndroidManifest.xml:20:5-22:41
MERGED from [androidx.arch.core:core-runtime:2.1.0] AndroidManifest.xml:20:5-22:41
MERGED from [androidx.arch.core:core-runtime:2.1.0] AndroidManifest.xml:20:5-22:41
MERGED from [androidx.documentfile:documentfile:1.0.0] AndroidManifest.xml:20:5-44
MERGED from [androidx.documentfile:documentfile:1.0.0] AndroidManifest.xml:20:5-44
MERGED from [androidx.localbroadcastmanager:localbroadcastmanager:1.0.0] AndroidManifest.xml:20:5-44
MERGED from [androidx.localbroadcastmanager:localbroadcastmanager:1.0.0] AndroidManifest.xml:20:5-44
MERGED from [androidx.print:print:1.0.0] AndroidManifest.xml:20:5-44
MERGED from [androidx.print:print:1.0.0] AndroidManifest.xml:20:5-44
MERGED from [androidx.interpolator:interpolator:1.0.0] AndroidManifest.xml:20:5-44
MERGED from [androidx.interpolator:interpolator:1.0.0] AndroidManifest.xml:20:5-44
MERGED from [androidx.annotation:annotation-experimental:1.1.0] AndroidManifest.xml:20:5-22:41
MERGED from [androidx.annotation:annotation-experimental:1.1.0] AndroidManifest.xml:20:5-22:41
INJECTED from src\main\AndroidManifest.xml
INJECTED from src\main\AndroidManifest.xml
	android:targetSdkVersion
		INJECTED from src\main\AndroidManifest.xml
		ADDED from src\main\AndroidManifest.xml
		INJECTED from src\main\AndroidManifest.xml
	android:minSdkVersion
		INJECTED from src\main\AndroidManifest.xml
		ADDED from src\main\AndroidManifest.xml
		INJECTED from src\main\AndroidManifest.xml
provider#androidx.startup.InitializationProvider
ADDED from [androidx.emoji2:emoji2:1.0.0] AndroidManifest.xml:26:9-34:20
MERGED from [androidx.lifecycle:lifecycle-process:2.4.0] AndroidManifest.xml:26:9-34:20
MERGED from [androidx.lifecycle:lifecycle-process:2.4.0] AndroidManifest.xml:26:9-34:20
MERGED from [androidx.startup:startup-runtime:1.0.0] AndroidManifest.xml:26:9-30:34
MERGED from [androidx.startup:startup-runtime:1.0.0] AndroidManifest.xml:26:9-30:34
	tools:node
		ADDED from [androidx.emoji2:emoji2:1.0.0] AndroidManifest.xml:30:13-31
	android:authorities
		ADDED from [androidx.emoji2:emoji2:1.0.0] AndroidManifest.xml:28:13-68
	android:exported
		ADDED from [androidx.emoji2:emoji2:1.0.0] AndroidManifest.xml:29:13-37
	android:name
		ADDED from [androidx.emoji2:emoji2:1.0.0] AndroidManifest.xml:27:13-67
meta-data#androidx.emoji2.text.EmojiCompatInitializer
ADDED from [androidx.emoji2:emoji2:1.0.0] AndroidManifest.xml:31:13-33:52
	android:value
		ADDED from [androidx.emoji2:emoji2:1.0.0] AndroidManifest.xml:33:17-49
	android:name
		ADDED from [androidx.emoji2:emoji2:1.0.0] AndroidManifest.xml:32:17-75
meta-data#androidx.lifecycle.ProcessLifecycleInitializer
ADDED from [androidx.lifecycle:lifecycle-process:2.4.0] AndroidManifest.xml:31:13-33:52
	android:value
		ADDED from [androidx.lifecycle:lifecycle-process:2.4.0] AndroidManifest.xml:33:17-49
	android:name
		ADDED from [androidx.lifecycle:lifecycle-process:2.4.0] AndroidManifest.xml:32:17-78